<?xml version="1.0" encoding="UTF-8" ?>
<testsuite errors="0" failures="0" hostname="Kaspers-MacBook-Pro.local" name="org.netbeans.modules.compapp.catd.ConfiguredTest" skipped="0" tests="1" time="4.922" timestamp="2015-11-01T21:07:16">
  <properties>
[...]
</properties>
  <testcase classname="org.netbeans.modules.compapp.catd.ConfiguredTest" name="TestCase1_dxong" time="4.881" />
  <system-out><![CDATA[GenerateATSOutput=${generate.ats.output}
NetBeansUserDir=/Users/dxong/Library/Application Support/OpenESB_Studio/3.1.0-SNAPSHOT
ServerPassword=admin
awt.toolkit=sun.lwawt.macosx.LWCToolkit
file.encoding=UTF-8
file.encoding.pkg=sun.io
file.separator=/
ftp.nonProxyHosts=local|*.local|169.254/16|*.169.254/16
gopherProxySet=false
http.nonProxyHosts=local|*.local|169.254/16|*.169.254/16
http.proxyHost=127.0.0.1
http.proxyPort=8228
inDebug=${inDebug}
java.awt.graphicsenv=sun.awt.CGraphicsEnvironment
java.awt.headless=${java.awt.headless}
java.awt.printerjob=sun.lwawt.macosx.CPrinterJob
java.class.path=/Users/dxong/School/DTU/02267_Development_of_Webservices/WebServiceDTU/OpenESB-SE-3.0.5/OE-Studio/netbeans/soa/modules/org-netbeans-modules-compapp-manager-jbi.jar:/Users/dxong/School/DTU/02267_Development_of_Webservices/WebServiceDTU/OpenESB-SE-3.0.5/OE-Studio/netbeans/soa/modules/org-netbeans-modules-compapp-projects-jbi.jar:/Users/dxong/School/DTU/02267_Development_of_Webservices/WebServiceDTU/OpenESB-SE-3.0.5/OE-Studio/netbeans/soa/modules/ext/jbi-admin-common.jar:/Users/dxong/School/DTU/02267_Development_of_Webservices/WebServiceDTU/OpenESB-SE-3.0.5/OE-Studio/netbeans/soa/modules/ext/catd.jar:/Users/dxong/School/DTU/02267_Development_of_Webservices/WebServiceDTU/OpenESB-SE-3.0.5/OE-Studio/netbeans/java/modules/ext/junit-3.8.2.jar:/Users/dxong/School/DTU/02267_Development_of_Webservices/WebServiceDTU/OpenESB-SE-3.0.5/OE-Studio/netbeans/java/modules/ext/jaxws22/api/saaj-api.jar:/Users/dxong/School/DTU/02267_Development_of_Webservices/WebServiceDTU/OpenESB-SE-3.0.5/OE-Studio/netbeans/java/modules/ext/jaxws22/saaj-impl.jar:/Users/dxong/School/DTU/02267_Development_of_Webservices/WebServiceDTU/OpenESB-SE-3.0.5/OE-Studio/netbeans/java/modules/ext/jaxws22/FastInfoset.jar:/Users/dxong/School/DTU/02267_Development_of_Webservices/WebServiceDTU/OpenESB-SE-3.0.5/OE-Studio/netbeans/ide/modules/org-netbeans-modules-editor-lib.jar:/Users/dxong/School/DTU/02267_Development_of_Webservices/WebServiceDTU/OpenESB-SE-3.0.5/OE-Studio/netbeans/ide/modules/org-netbeans-modules-editor.jar:/Users/dxong/School/DTU/02267_Development_of_Webservices/WebServiceDTU/OpenESB-SE-3.0.5/OE-Studio/netbeans/ide/modules/org-netbeans-modules-editor-deprecated-pre65formatting.jar:/Users/dxong/School/DTU/02267_Development_of_Webservices/WebServiceDTU/OpenESB-SE-3.0.5/OE-Studio/netbeans/ide/modules/org-netbeans-modules-editor-util.jar:/Users/dxong/School/DTU/02267_Development_of_Webservices/WebServiceDTU/OpenESB-SE-3.0.5/OE-Studio/netbeans/ide/modules/org-netbeans-modules-editor-lib2.jar:/Users/dxong/School/DTU/02267_Development_of_Webservices/WebServiceDTU/OpenESB-SE-3.0.5/OE-Studio/netbeans/ide/modules/org-netbeans-modules-editor-indent.jar:/Users/dxong/School/DTU/02267_Development_of_Webservices/WebServiceDTU/OpenESB-SE-3.0.5/OE-Studio/netbeans/ide/modules/org-netbeans-modules-editor-plain.jar:/Users/dxong/School/DTU/02267_Development_of_Webservices/WebServiceDTU/OpenESB-SE-3.0.5/OE-Studio/netbeans/ide/modules/org-netbeans-modules-editor-plain-lib.jar:/Users/dxong/School/DTU/02267_Development_of_Webservices/WebServiceDTU/OpenESB-SE-3.0.5/OE-Studio/netbeans/ide/modules/org-netbeans-modules-editor-settings.jar:/Users/dxong/School/DTU/02267_Development_of_Webservices/WebServiceDTU/OpenESB-SE-3.0.5/OE-Studio/netbeans/ide/modules/org-netbeans-modules-editor-settings-storage.jar:/Users/dxong/School/DTU/02267_Development_of_Webservices/WebServiceDTU/OpenESB-SE-3.0.5/OE-Studio/netbeans/ide/modules/org-netbeans-modules-lexer.jar:/Users/dxong/School/DTU/02267_Development_of_Webservices/WebServiceDTU/OpenESB-SE-3.0.5/OE-Studio/netbeans/ide/modules/org-netbeans-modules-xml-core.jar:/Users/dxong/School/DTU/02267_Development_of_Webservices/WebServiceDTU/OpenESB-SE-3.0.5/OE-Studio/netbeans/ide/modules/org-netbeans-modules-xml-lexer.jar:/Users/dxong/School/DTU/02267_Development_of_Webservices/WebServiceDTU/OpenESB-SE-3.0.5/OE-Studio/netbeans/ide/modules/org-netbeans-modules-xml-text.jar:/Users/dxong/School/DTU/02267_Development_of_Webservices/WebServiceDTU/OpenESB-SE-3.0.5/OE-Studio/netbeans/ide/modules/org-netbeans-modules-xml-xdm.jar:/Users/dxong/School/DTU/02267_Development_of_Webservices/WebServiceDTU/OpenESB-SE-3.0.5/OE-Studio/netbeans/ide/modules/org-netbeans-modules-xml-xam.jar:/Users/dxong/School/DTU/02267_Development_of_Webservices/WebServiceDTU/OpenESB-SE-3.0.5/OE-Studio/netbeans/ide/modules/org-netbeans-modules-csl-api.jar:/Users/dxong/School/DTU/02267_Development_of_Webservices/WebServiceDTU/OpenESB-SE-3.0.5/OE-Studio/netbeans/ide/modules/ext/jaxb/activation.jar:/Users/dxong/School/DTU/02267_Development_of_Webservices/WebServiceDTU/OpenESB-SE-3.0.5/OE-Studio/netbeans/platform/lib/org-openide-modules.jar:/Users/dxong/School/DTU/02267_Development_of_Webservices/WebServiceDTU/OpenESB-SE-3.0.5/OE-Studio/netbeans/platform/lib/org-openide-util.jar:/Users/dxong/School/DTU/02267_Development_of_Webservices/WebServiceDTU/OpenESB-SE-3.0.5/OE-Studio/netbeans/platform/lib/org-openide-util-lookup.jar:/Users/dxong/School/DTU/02267_Development_of_Webservices/WebServiceDTU/OpenESB-SE-3.0.5/OE-Studio/netbeans/platform/modules/org-openide-awt.jar:/Users/dxong/School/DTU/02267_Development_of_Webservices/WebServiceDTU/OpenESB-SE-3.0.5/OE-Studio/netbeans/platform/modules/org-openide-options.jar:/Users/dxong/School/DTU/02267_Development_of_Webservices/WebServiceDTU/OpenESB-SE-3.0.5/OE-Studio/netbeans/platform/modules/org-openide-text.jar:/Users/dxong/School/DTU/02267_Development_of_Webservices/WebServiceDTU/OpenESB-SE-3.0.5/OE-Studio/netbeans/platform/modules/org-openide-loaders.jar:/Users/dxong/School/DTU/02267_Development_of_Webservices/WebServiceDTU/OpenESB-SE-3.0.5/OE-Studio/netbeans/platform/modules/org-openide-nodes.jar:/Users/dxong/School/DTU/02267_Development_of_Webservices/WebServiceDTU/OpenESB-SE-3.0.5/OE-Studio/netbeans/platform/modules/org-netbeans-modules-editor-mimelookup.jar:/Users/dxong/School/DTU/02267_Development_of_Webservices/WebServiceDTU/OpenESB-SE-3.0.5/OE-Studio/netbeans/platform/modules/org-netbeans-modules-editor-mimelookup-impl.jar:/Users/dxong/School/DTU/02267_Development_of_Webservices/WebServiceDTU/OpenESB-SE-3.0.5/OE-Studio/netbeans/platform/core/org-openide-filesystems.jar:/Users/dxong/School/DTU/02267_Development_of_Webservices/WebServiceDTU/OpenESB-SE-3.0.5/OE-Studio/netbeans/platform/modules/org-netbeans-modules-keyring.jar:/Users/dxong/School/DTU/02267_Development_of_Webservices/WebServiceDTU/OpenESB-SE-3.0.5/OE-Studio/netbeans/platform/modules/org-openide-dialogs.jar:/Users/dxong/School/DTU/02267_Development_of_Webservices/WebServiceDTU/OpenESB-SE-3.0.5/OE-Studio/netbeans/extide/ant/lib/ant-launcher.jar:/Users/dxong/School/DTU/02267_Development_of_Webservices/WebServiceDTU/OpenESB-SE-3.0.5/OE-Studio/netbeans/extide/ant/lib/ant.jar:/Users/dxong/School/DTU/02267_Development_of_Webservices/WebServiceDTU/OpenESB-SE-3.0.5/OE-Studio/netbeans/extide/ant/lib/ant-junit.jar:/Users/dxong/School/DTU/02267_Development_of_Webservices/WebServiceDTU/OpenESB-SE-3.0.5/OE-Studio/netbeans/extide/ant/lib/ant-junit4.jar
java.class.version=52.0
java.endorsed.dirs=/Library/Java/JavaVirtualMachines/jdk1.8.0_60.jdk/Contents/Home/jre/lib/endorsed
java.ext.dirs=/Users/dxong/Library/Java/Extensions:/Library/Java/JavaVirtualMachines/jdk1.8.0_60.jdk/Contents/Home/jre/lib/ext:/Library/Java/Extensions:/Network/Library/Java/Extensions:/System/Library/Java/Extensions:/usr/lib/java
java.home=/Library/Java/JavaVirtualMachines/jdk1.8.0_60.jdk/Contents/Home/jre
java.io.tmpdir=/var/folders/pl/lhyctnws3fb6vfndc2kmz28w0000gn/T/
java.library.path=/Users/dxong/Library/Java/Extensions:/Library/Java/Extensions:/Network/Library/Java/Extensions:/System/Library/Java/Extensions:/usr/lib/java:.
java.runtime.name=Java(TM) SE Runtime Environment
java.runtime.version=1.8.0_60-b27
java.specification.name=Java Platform API Specification
java.specification.vendor=Oracle Corporation
java.specification.version=1.8
java.vendor=Oracle Corporation
java.vendor.url=http://java.oracle.com/
java.vendor.url.bug=http://bugreport.sun.com/bugreport/
java.version=1.8.0_60
java.vm.info=mixed mode
java.vm.name=Java HotSpot(TM) 64-Bit Server VM
java.vm.specification.name=Java Virtual Machine Specification
java.vm.specification.vendor=Oracle Corporation
java.vm.specification.version=1.8
java.vm.vendor=Oracle Corporation
java.vm.version=25.60-b23
line.separator=

org.netbeans.modules.compapp.catd.context=
os.arch=x86_64
os.name=Mac OS X
os.version=10.11.1
path.separator=:
socksNonProxyHosts=local|*.local|169.254/16|*.169.254/16
sun.arch.data.model=64
sun.boot.class.path=/Library/Java/JavaVirtualMachines/jdk1.8.0_60.jdk/Contents/Home/jre/lib/resources.jar:/Library/Java/JavaVirtualMachines/jdk1.8.0_60.jdk/Contents/Home/jre/lib/rt.jar:/Library/Java/JavaVirtualMachines/jdk1.8.0_60.jdk/Contents/Home/jre/lib/sunrsasign.jar:/Library/Java/JavaVirtualMachines/jdk1.8.0_60.jdk/Contents/Home/jre/lib/jsse.jar:/Library/Java/JavaVirtualMachines/jdk1.8.0_60.jdk/Contents/Home/jre/lib/jce.jar:/Library/Java/JavaVirtualMachines/jdk1.8.0_60.jdk/Contents/Home/jre/lib/charsets.jar:/Library/Java/JavaVirtualMachines/jdk1.8.0_60.jdk/Contents/Home/jre/lib/jfr.jar:/Library/Java/JavaVirtualMachines/jdk1.8.0_60.jdk/Contents/Home/jre/classes
sun.boot.library.path=/Library/Java/JavaVirtualMachines/jdk1.8.0_60.jdk/Contents/Home/jre/lib
sun.cpu.endian=little
sun.cpu.isalist=
sun.io.unicode.encoding=UnicodeBig
sun.java.command=org.apache.tools.ant.taskdefs.optional.junit.JUnitTestRunner org.netbeans.modules.compapp.catd.ConfiguredTest skipNonTests=false filtertrace=true haltOnError=false haltOnFailure=false showoutput=true outputtoformatters=true logfailedtests=true threadid=0 logtestlistenerevents=true formatter=org.apache.tools.ant.taskdefs.optional.junit.BriefJUnitResultFormatter formatter=org.apache.tools.ant.taskdefs.optional.junit.XMLJUnitResultFormatter,/Users/dxong/School/DTU/02267_Development_of_Webservices/WebServices/Exercises/NewFolder/HelloWorldApp/test/results/TEST-org.netbeans.modules.compapp.catd.ConfiguredTest.xml crashfile=/var/folders/pl/lhyctnws3fb6vfndc2kmz28w0000gn/T/junitvmwatcher1549013706796841211.properties propsfile=/var/folders/pl/lhyctnws3fb6vfndc2kmz28w0000gn/T/junit2752314301582914315.properties
sun.java.launcher=SUN_STANDARD
sun.jnu.encoding=UTF-8
sun.management.compiler=HotSpot 64-Bit Tiered Compilers
sun.os.patch.level=unknown
user.country=US
user.country.format=DK
user.dir=/Users/dxong/School/DTU/02267_Development_of_Webservices/WebServices/Exercises/NewFolder/HelloWorldApp
user.home=/Users/dxong
user.language=en
user.name=dxong
user.timezone=Europe/Copenhagen
Test TestCase1_dxong\Concurrent.properties Passed. Threads count Success: <1> Error: <0> Not completed: <0>
]]></system-out>
  <system-err><![CDATA[]]></system-err>
</testsuite>
