<?xml version="1.0" encoding="UTF-8" ?>
<testsuite errors="0" failures="0" hostname="Joshua" name="org.netbeans.modules.compapp.catd.ConfiguredTest" skipped="0" tests="1" time="0.632" timestamp="2015-11-01T21:06:05">
  <properties>
[...]
</properties>
  <testcase classname="org.netbeans.modules.compapp.catd.ConfiguredTest" name="HelloTest" time="0.62" />
  <system-out><![CDATA[GenerateATSOutput=${generate.ats.output}
NetBeansUserDir=C:\Users\Martin\AppData\Roaming\.openesb_studio\3.1.0-SNAPSHOT
ServerPassword=admin
awt.toolkit=sun.awt.windows.WToolkit
file.encoding=Cp1252
file.encoding.pkg=sun.io
file.separator=\
inDebug=${inDebug}
java.awt.graphicsenv=sun.awt.Win32GraphicsEnvironment
java.awt.headless=${java.awt.headless}
java.awt.printerjob=sun.awt.windows.WPrinterJob
java.class.path=C:\Tools\OpenESB-SE-3.0.5\OE-Studio\netbeans\soa\modules\org-netbeans-modules-compapp-manager-jbi.jar;C:\Tools\OpenESB-SE-3.0.5\OE-Studio\netbeans\soa\modules\org-netbeans-modules-compapp-projects-jbi.jar;C:\Tools\OpenESB-SE-3.0.5\OE-Studio\netbeans\soa\modules\ext\jbi-admin-common.jar;C:\Tools\OpenESB-SE-3.0.5\OE-Studio\netbeans\soa\modules\ext\catd.jar;C:\Tools\OpenESB-SE-3.0.5\OE-Studio\netbeans\java\modules\ext\junit-3.8.2.jar;C:\Tools\OpenESB-SE-3.0.5\OE-Studio\netbeans\java\modules\ext\jaxws22\api\saaj-api.jar;C:\Tools\OpenESB-SE-3.0.5\OE-Studio\netbeans\java\modules\ext\jaxws22\saaj-impl.jar;C:\Tools\OpenESB-SE-3.0.5\OE-Studio\netbeans\java\modules\ext\jaxws22\FastInfoset.jar;C:\Tools\OpenESB-SE-3.0.5\OE-Studio\netbeans\ide\modules\org-netbeans-modules-editor-lib.jar;C:\Tools\OpenESB-SE-3.0.5\OE-Studio\netbeans\ide\modules\org-netbeans-modules-editor.jar;C:\Tools\OpenESB-SE-3.0.5\OE-Studio\netbeans\ide\modules\org-netbeans-modules-editor-deprecated-pre65formatting.jar;C:\Tools\OpenESB-SE-3.0.5\OE-Studio\netbeans\ide\modules\org-netbeans-modules-editor-util.jar;C:\Tools\OpenESB-SE-3.0.5\OE-Studio\netbeans\ide\modules\org-netbeans-modules-editor-lib2.jar;C:\Tools\OpenESB-SE-3.0.5\OE-Studio\netbeans\ide\modules\org-netbeans-modules-editor-indent.jar;C:\Tools\OpenESB-SE-3.0.5\OE-Studio\netbeans\ide\modules\org-netbeans-modules-editor-plain.jar;C:\Tools\OpenESB-SE-3.0.5\OE-Studio\netbeans\ide\modules\org-netbeans-modules-editor-plain-lib.jar;C:\Tools\OpenESB-SE-3.0.5\OE-Studio\netbeans\ide\modules\org-netbeans-modules-editor-settings.jar;C:\Tools\OpenESB-SE-3.0.5\OE-Studio\netbeans\ide\modules\org-netbeans-modules-editor-settings-storage.jar;C:\Tools\OpenESB-SE-3.0.5\OE-Studio\netbeans\ide\modules\org-netbeans-modules-lexer.jar;C:\Tools\OpenESB-SE-3.0.5\OE-Studio\netbeans\ide\modules\org-netbeans-modules-xml-core.jar;C:\Tools\OpenESB-SE-3.0.5\OE-Studio\netbeans\ide\modules\org-netbeans-modules-xml-lexer.jar;C:\Tools\OpenESB-SE-3.0.5\OE-Studio\netbeans\ide\modules\org-netbeans-modules-xml-text.jar;C:\Tools\OpenESB-SE-3.0.5\OE-Studio\netbeans\ide\modules\org-netbeans-modules-xml-xdm.jar;C:\Tools\OpenESB-SE-3.0.5\OE-Studio\netbeans\ide\modules\org-netbeans-modules-xml-xam.jar;C:\Tools\OpenESB-SE-3.0.5\OE-Studio\netbeans\ide\modules\org-netbeans-modules-csl-api.jar;C:\Tools\OpenESB-SE-3.0.5\OE-Studio\netbeans\ide\modules\ext\jaxb\activation.jar;C:\Tools\OpenESB-SE-3.0.5\OE-Studio\netbeans\platform\lib\org-openide-modules.jar;C:\Tools\OpenESB-SE-3.0.5\OE-Studio\netbeans\platform\lib\org-openide-util.jar;C:\Tools\OpenESB-SE-3.0.5\OE-Studio\netbeans\platform\lib\org-openide-util-lookup.jar;C:\Tools\OpenESB-SE-3.0.5\OE-Studio\netbeans\platform\modules\org-openide-awt.jar;C:\Tools\OpenESB-SE-3.0.5\OE-Studio\netbeans\platform\modules\org-openide-options.jar;C:\Tools\OpenESB-SE-3.0.5\OE-Studio\netbeans\platform\modules\org-openide-text.jar;C:\Tools\OpenESB-SE-3.0.5\OE-Studio\netbeans\platform\modules\org-openide-loaders.jar;C:\Tools\OpenESB-SE-3.0.5\OE-Studio\netbeans\platform\modules\org-openide-nodes.jar;C:\Tools\OpenESB-SE-3.0.5\OE-Studio\netbeans\platform\modules\org-netbeans-modules-editor-mimelookup.jar;C:\Tools\OpenESB-SE-3.0.5\OE-Studio\netbeans\platform\modules\org-netbeans-modules-editor-mimelookup-impl.jar;C:\Tools\OpenESB-SE-3.0.5\OE-Studio\netbeans\platform\core\org-openide-filesystems.jar;C:\Tools\OpenESB-SE-3.0.5\OE-Studio\netbeans\platform\modules\org-netbeans-modules-keyring.jar;C:\Tools\OpenESB-SE-3.0.5\OE-Studio\netbeans\platform\modules\org-openide-dialogs.jar;C:\Tools\OpenESB-SE-3.0.5\OE-Studio\netbeans\extide\ant\lib\ant-launcher.jar;C:\Tools\OpenESB-SE-3.0.5\OE-Studio\netbeans\extide\ant\lib\ant.jar;C:\Tools\OpenESB-SE-3.0.5\OE-Studio\netbeans\extide\ant\lib\ant-junit.jar;C:\Tools\OpenESB-SE-3.0.5\OE-Studio\netbeans\extide\ant\lib\ant-junit4.jar
java.class.version=52.0
java.endorsed.dirs=C:\Program Files (x86)\Java\jdk1.8.0_60\jre\lib\endorsed
java.ext.dirs=C:\Program Files (x86)\Java\jdk1.8.0_60\jre\lib\ext;C:\WINDOWS\Sun\Java\lib\ext
java.home=C:\Program Files (x86)\Java\jdk1.8.0_60\jre
java.io.tmpdir=C:\Users\Martin\AppData\Local\Temp\
java.library.path=C:\Program Files (x86)\Java\jdk1.8.0_60\jre\bin;C:\WINDOWS\Sun\Java\bin;C:\WINDOWS\system32;C:\WINDOWS;C:\gurobi605\win64\bin;C:\Python27\;C:\Python27\Scripts;C:\Program Files (x86)\Java\jdk1.8.0_60\bin;C:\ProgramData\Oracle\Java\javapath;C:\Program Files (x86)\Lenovo\FusionEngine;C:\Program Files (x86)\NVIDIA Corporation\PhysX\Common;C:\Program Files (x86)\Intel\iCLS Client\;C:\Program Files\Intel\iCLS Client\;C:\WINDOWS\system32;C:\WINDOWS;C:\WINDOWS\System32\Wbem;C:\WINDOWS\System32\WindowsPowerShell\v1.0\;C:\Program Files\Intel\Intel(R) Management Engine Components\DAL;C:\Program Files\Intel\Intel(R) Management Engine Components\IPT;C:\Program Files (x86)\Intel\Intel(R) Management Engine Components\DAL;C:\Program Files (x86)\Intel\Intel(R) Management Engine Components\IPT;C:\Program Files (x86)\Lenovo\Motion Control\;C:\Program Files (x86)\Common Files\lenovo\easyplussdk\bin;C:\Program Files (x86)\Windows Live\Shared;C:\Program Files (x86)\Windows Kits\8.1\Windows Performance Toolkit\;C:\Program Files\Microsoft SQL Server\110\Tools\Binn\;C:\Program Files (x86)\Microsoft SDKs\TypeScript\1.0\;C:\Program Files\Microsoft SQL Server\120\Tools\Binn\;C:\Program Files\Microsoft\Web Platform Installer\;C:\Program Files (x86)\MiKTeX\miktex\bin\;C:\Program Files (x86)\Git\cmd;C:\Program Files (x86)\Git\bin;C:\Program Files\Intel\WiFi\bin\;C:\Program Files\Common Files\Intel\WirelessCommon\;C:\Program Files (x86)\QuickTime\QTSystem\;C:\Program Files (x86)\Skype\Phone\;.
java.runtime.name=Java(TM) SE Runtime Environment
java.runtime.version=1.8.0_60-b27
java.specification.name=Java Platform API Specification
java.specification.vendor=Oracle Corporation
java.specification.version=1.8
java.vendor=Oracle Corporation
java.vendor.url=http://java.oracle.com/
java.vendor.url.bug=http://bugreport.sun.com/bugreport/
java.version=1.8.0_60
java.vm.info=mixed mode
java.vm.name=Java HotSpot(TM) Client VM
java.vm.specification.name=Java Virtual Machine Specification
java.vm.specification.vendor=Oracle Corporation
java.vm.specification.version=1.8
java.vm.vendor=Oracle Corporation
java.vm.version=25.60-b23
line.separator=

org.netbeans.modules.compapp.catd.context=
os.arch=x86
os.name=Windows 8.1
os.version=6.3
path.separator=;
sun.arch.data.model=32
sun.boot.class.path=C:\Program Files (x86)\Java\jdk1.8.0_60\jre\lib\resources.jar;C:\Program Files (x86)\Java\jdk1.8.0_60\jre\lib\rt.jar;C:\Program Files (x86)\Java\jdk1.8.0_60\jre\lib\sunrsasign.jar;C:\Program Files (x86)\Java\jdk1.8.0_60\jre\lib\jsse.jar;C:\Program Files (x86)\Java\jdk1.8.0_60\jre\lib\jce.jar;C:\Program Files (x86)\Java\jdk1.8.0_60\jre\lib\charsets.jar;C:\Program Files (x86)\Java\jdk1.8.0_60\jre\lib\jfr.jar;C:\Program Files (x86)\Java\jdk1.8.0_60\jre\classes
sun.boot.library.path=C:\Program Files (x86)\Java\jdk1.8.0_60\jre\bin
sun.cpu.endian=little
sun.cpu.isalist=pentium_pro+mmx pentium_pro pentium+mmx pentium i486 i386 i86
sun.desktop=windows
sun.io.unicode.encoding=UnicodeLittle
sun.java.command=org.apache.tools.ant.taskdefs.optional.junit.JUnitTestRunner org.netbeans.modules.compapp.catd.ConfiguredTest skipNonTests=false filtertrace=true haltOnError=false haltOnFailure=false showoutput=true outputtoformatters=true logfailedtests=true threadid=0 logtestlistenerevents=true formatter=org.apache.tools.ant.taskdefs.optional.junit.BriefJUnitResultFormatter formatter=org.apache.tools.ant.taskdefs.optional.junit.XMLJUnitResultFormatter,C:\Users\Martin\Documents\DTU\WebServices\Exercises\HelloWorldAPP\test\results\TEST-org.netbeans.modules.compapp.catd.ConfiguredTest.xml crashfile=C:\Users\Martin\AppData\Local\Temp\junitvmwatcher6081647382573498785.properties propsfile=C:\Users\Martin\AppData\Local\Temp\junit2284128919051416343.properties
sun.java.launcher=SUN_STANDARD
sun.jnu.encoding=Cp1252
sun.management.compiler=HotSpot Client Compiler
sun.os.patch.level=
user.country=DK
user.dir=C:\Users\Martin\Documents\DTU\WebServices\Exercises\HelloWorldAPP
user.home=C:\Users\Martin
user.language=da
user.name=Martin
user.script=
user.timezone=Europe/Paris
user.variant=
Test HelloTest\Concurrent.properties Passed. Threads count Success: <1> Error: <0> Not completed: <0>
]]></system-out>
  <system-err><![CDATA[]]></system-err>
</testsuite>
